\BOOKMARK [0][]{chapter.1}{1 Introduction}{}% 1
\BOOKMARK [1][]{section.1.1}{1.1 Motivation}{chapter.1}% 2
\BOOKMARK [2][]{subsection.1.1.1}{1.1.1 Path planning in robotics}{section.1.1}% 3
\BOOKMARK [2][]{subsection.1.1.2}{1.1.2 Geometric riddles in gaming}{section.1.1}% 4
\BOOKMARK [1][]{section.1.2}{1.2 State of the art}{chapter.1}% 5
\BOOKMARK [2][]{subsection.1.2.1}{1.2.1 Pathplanning}{section.1.2}% 6
\BOOKMARK [2][]{subsection.1.2.2}{1.2.2 Collision detection}{section.1.2}% 7
\BOOKMARK [2][]{subsection.1.2.3}{1.2.3 Applications}{section.1.2}% 8
\BOOKMARK [1][]{section.1.3}{1.3 Idea}{chapter.1}% 9
\BOOKMARK [0][]{chapter.2}{2 Enviroment and basics}{}% 10
\BOOKMARK [1][]{section.2.1}{2.1 Programming tools}{chapter.2}% 11
\BOOKMARK [1][]{section.2.2}{2.2 Basics}{chapter.2}% 12
\BOOKMARK [2][]{subsection.2.2.1}{2.2.1 basic vector math}{section.2.2}% 13
\BOOKMARK [2][]{subsection.2.2.2}{2.2.2 Minkowski sum}{section.2.2}% 14
\BOOKMARK [2][]{subsection.2.2.3}{2.2.3 convex hull}{section.2.2}% 15
\BOOKMARK [2][]{subsection.2.2.4}{2.2.4 Pathfinding algorithms on graphs}{section.2.2}% 16
\BOOKMARK [0][]{chapter.3}{3 Concept}{}% 17
\BOOKMARK [1][]{section.3.1}{3.1 Common defenitions and representation}{chapter.3}% 18
\BOOKMARK [2][]{subsection.3.1.1}{3.1.1 Defining the configuration space}{section.3.1}% 19
\BOOKMARK [2][]{subsection.3.1.2}{3.1.2 Building the configuration space}{section.3.1}% 20
\BOOKMARK [2][]{subsection.3.1.3}{3.1.3 Objects as point list}{section.3.1}% 21
\BOOKMARK [2][]{subsection.3.1.4}{3.1.4 Objects as function list}{section.3.1}% 22
\BOOKMARK [0][]{chapter.4}{4 Implementation}{}% 23
\BOOKMARK [1][]{section.4.1}{4.1 Algorithms and Functions}{chapter.4}% 24
\BOOKMARK [2][]{subsection.4.1.1}{4.1.1 Main search loop}{section.4.1}% 25
\BOOKMARK [2][]{subsection.4.1.2}{4.1.2 Implementation with point list}{section.4.1}% 26
\BOOKMARK [2][]{subsection.4.1.3}{4.1.3 Implementation with function list}{section.4.1}% 27
\BOOKMARK [0][]{chapter.5}{5 Results}{}% 28
\BOOKMARK [1][]{section.5.1}{5.1 Rotation and Translation}{chapter.5}% 29
\BOOKMARK [1][]{section.5.2}{5.2 Small riddles}{chapter.5}% 30
\BOOKMARK [1][]{section.5.3}{5.3 Medium riddles}{chapter.5}% 31
\BOOKMARK [1][]{section.5.4}{5.4 Interpretation of testdata}{chapter.5}% 32
\BOOKMARK [0][]{chapter.6}{6 Discussion}{}% 33
\BOOKMARK [1][]{section.6.1}{6.1 General Problems}{chapter.6}% 34
\BOOKMARK [2][]{subsection.6.1.1}{6.1.1 Infinite rotation}{section.6.1}% 35
\BOOKMARK [1][]{section.6.2}{6.2 Problems with point list implementation}{chapter.6}% 36
\BOOKMARK [2][]{subsection.6.2.1}{6.2.1 Invisible plains}{section.6.2}% 37
\BOOKMARK [1][]{section.6.3}{6.3 Problems with function list implementation}{chapter.6}% 38
\BOOKMARK [2][]{subsection.6.3.1}{6.3.1 Vertical lines}{section.6.3}% 39
\BOOKMARK [0][]{subsection.6.3.1}{Resources}{}% 40
\BOOKMARK [1][]{section*.22}{List of images}{subsection.6.3.1}% 41
\BOOKMARK [1][]{appendix*.23}{List of tables}{subsection.6.3.1}% 42
\BOOKMARK [1][]{appendix*.24}{bibliography}{subsection.6.3.1}% 43
